{"/home/aum/development/freelance/deepstream.io-storage-cockroachdb/src/connector.js":{"path":"/home/aum/development/freelance/deepstream.io-storage-cockroachdb/src/connector.js","s":{"1":1,"2":1,"3":1,"4":1,"5":1,"6":1,"7":1,"8":1,"9":1,"10":1,"11":0,"12":1,"13":1,"14":0,"15":1,"16":1,"17":0,"18":1,"19":1,"20":0,"21":1,"22":1,"23":0,"24":1,"25":1,"26":1,"27":1,"28":1,"29":0,"30":1,"31":2,"32":2,"33":1,"34":1,"35":1,"36":1,"37":1,"38":1,"39":0,"40":1,"41":0,"42":1,"43":0,"44":1,"45":0,"46":1,"47":0,"48":1,"49":0,"50":1,"51":1,"52":1,"53":1,"54":1,"55":1,"56":1,"57":1,"58":1,"59":1,"60":1,"61":0,"62":1,"63":1,"64":1,"65":1,"66":0,"67":1,"68":0,"69":0,"70":0,"71":0,"72":0,"73":0,"74":0,"75":0,"76":0,"77":3,"78":3,"79":3,"80":0,"81":3,"82":3,"83":3,"84":0,"85":3,"86":2,"87":1,"88":1,"89":1,"90":1,"91":0,"92":1,"93":1,"94":1,"95":0,"96":1,"97":1,"98":1,"99":0,"100":1,"101":1},"b":{"1":[0,1],"2":[0,1],"3":[0,1],"4":[0,1],"5":[0,1],"6":[1,1],"7":[0,1],"8":[0,1],"9":[0,1],"10":[0,1],"11":[0,1],"12":[0,1],"13":[0,1],"14":[1,0],"15":[0,1],"16":[0,0],"17":[0,0],"18":[0,3],"19":[0,3],"20":[2,1],"21":[0,1],"22":[0,1]},"f":{"1":2,"2":1,"3":3,"4":1},"fnMap":{"1":{"name":"(anonymous_1)","line":36,"loc":{"start":{"line":36,"column":13},"end":{"line":36,"column":23}}},"2":{"name":"(anonymous_2)","line":59,"loc":{"start":{"line":59,"column":5},"end":{"line":59,"column":28}}},"3":{"name":"(anonymous_3)","line":83,"loc":{"start":{"line":83,"column":5},"end":{"line":83,"column":21}}},"4":{"name":"(anonymous_4)","line":102,"loc":{"start":{"line":102,"column":8},"end":{"line":102,"column":24}}}},"statementMap":{"1":{"start":{"line":3,"column":0},"end":{"line":3,"column":33}},"2":{"start":{"line":4,"column":0},"end":{"line":4,"column":29}},"3":{"start":{"line":5,"column":0},"end":{"line":5,"column":40}},"4":{"start":{"line":6,"column":0},"end":{"line":6,"column":43}},"5":{"start":{"line":8,"column":0},"end":{"line":8,"column":25}},"6":{"start":{"line":10,"column":0},"end":{"line":33,"column":2}},"7":{"start":{"line":11,"column":1},"end":{"line":11,"column":43}},"8":{"start":{"line":12,"column":1},"end":{"line":12,"column":10}},"9":{"start":{"line":13,"column":1},"end":{"line":30,"column":4}},"10":{"start":{"line":14,"column":2},"end":{"line":14,"column":38}},"11":{"start":{"line":14,"column":9},"end":{"line":14,"column":38}},"12":{"start":{"line":15,"column":2},"end":{"line":29,"column":5}},"13":{"start":{"line":16,"column":3},"end":{"line":16,"column":39}},"14":{"start":{"line":16,"column":10},"end":{"line":16,"column":39}},"15":{"start":{"line":17,"column":3},"end":{"line":28,"column":6}},"16":{"start":{"line":18,"column":4},"end":{"line":18,"column":40}},"17":{"start":{"line":18,"column":11},"end":{"line":18,"column":40}},"18":{"start":{"line":19,"column":4},"end":{"line":25,"column":7}},"19":{"start":{"line":20,"column":5},"end":{"line":20,"column":41}},"20":{"start":{"line":20,"column":12},"end":{"line":20,"column":41}},"21":{"start":{"line":21,"column":5},"end":{"line":24,"column":8}},"22":{"start":{"line":22,"column":6},"end":{"line":22,"column":42}},"23":{"start":{"line":22,"column":13},"end":{"line":22,"column":42}},"24":{"start":{"line":23,"column":6},"end":{"line":23,"column":74}},"25":{"start":{"line":23,"column":40},"end":{"line":23,"column":70}},"26":{"start":{"line":26,"column":4},"end":{"line":26,"column":24}},"27":{"start":{"line":27,"column":4},"end":{"line":27,"column":23}},"28":{"start":{"line":31,"column":1},"end":{"line":31,"column":51}},"29":{"start":{"line":31,"column":25},"end":{"line":31,"column":47}},"30":{"start":{"line":32,"column":1},"end":{"line":32,"column":11}},"31":{"start":{"line":37,"column":2},"end":{"line":37,"column":10}},"32":{"start":{"line":38,"column":2},"end":{"line":38,"column":98}},"33":{"start":{"line":38,"column":39},"end":{"line":38,"column":98}},"34":{"start":{"line":39,"column":2},"end":{"line":39,"column":23}},"35":{"start":{"line":40,"column":2},"end":{"line":40,"column":24}},"36":{"start":{"line":41,"column":2},"end":{"line":41,"column":30}},"37":{"start":{"line":42,"column":2},"end":{"line":42,"column":49}},"38":{"start":{"line":43,"column":2},"end":{"line":43,"column":77}},"39":{"start":{"line":43,"column":32},"end":{"line":43,"column":77}},"40":{"start":{"line":44,"column":2},"end":{"line":44,"column":68}},"41":{"start":{"line":44,"column":29},"end":{"line":44,"column":68}},"42":{"start":{"line":45,"column":2},"end":{"line":45,"column":77}},"43":{"start":{"line":45,"column":32},"end":{"line":45,"column":77}},"44":{"start":{"line":46,"column":2},"end":{"line":46,"column":71}},"45":{"start":{"line":46,"column":30},"end":{"line":46,"column":71}},"46":{"start":{"line":47,"column":2},"end":{"line":47,"column":77}},"47":{"start":{"line":47,"column":32},"end":{"line":47,"column":77}},"48":{"start":{"line":48,"column":2},"end":{"line":48,"column":74}},"49":{"start":{"line":48,"column":31},"end":{"line":48,"column":74}},"50":{"start":{"line":49,"column":2},"end":{"line":49,"column":44}},"51":{"start":{"line":50,"column":2},"end":{"line":50,"column":32}},"52":{"start":{"line":51,"column":2},"end":{"line":51,"column":38}},"53":{"start":{"line":52,"column":2},"end":{"line":52,"column":34}},"54":{"start":{"line":53,"column":2},"end":{"line":53,"column":38}},"55":{"start":{"line":54,"column":2},"end":{"line":54,"column":36}},"56":{"start":{"line":55,"column":2},"end":{"line":55,"column":23}},"57":{"start":{"line":56,"column":2},"end":{"line":56,"column":40}},"58":{"start":{"line":60,"column":2},"end":{"line":60,"column":27}},"59":{"start":{"line":61,"column":2},"end":{"line":63,"column":37}},"60":{"start":{"line":62,"column":4},"end":{"line":62,"column":41}},"61":{"start":{"line":63,"column":16},"end":{"line":63,"column":35}},"62":{"start":{"line":64,"column":2},"end":{"line":64,"column":72}},"63":{"start":{"line":65,"column":2},"end":{"line":80,"column":3}},"64":{"start":{"line":66,"column":3},"end":{"line":69,"column":6}},"65":{"start":{"line":67,"column":4},"end":{"line":67,"column":30}},"66":{"start":{"line":67,"column":11},"end":{"line":67,"column":30}},"67":{"start":{"line":68,"column":4},"end":{"line":68,"column":26}},"68":{"start":{"line":71,"column":3},"end":{"line":71,"column":31}},"69":{"start":{"line":72,"column":3},"end":{"line":72,"column":35}},"70":{"start":{"line":73,"column":3},"end":{"line":79,"column":6}},"71":{"start":{"line":74,"column":4},"end":{"line":74,"column":40}},"72":{"start":{"line":74,"column":11},"end":{"line":74,"column":40}},"73":{"start":{"line":75,"column":4},"end":{"line":78,"column":7}},"74":{"start":{"line":76,"column":5},"end":{"line":76,"column":31}},"75":{"start":{"line":76,"column":12},"end":{"line":76,"column":31}},"76":{"start":{"line":77,"column":5},"end":{"line":77,"column":27}},"77":{"start":{"line":84,"column":2},"end":{"line":84,"column":27}},"78":{"start":{"line":85,"column":2},"end":{"line":87,"column":37}},"79":{"start":{"line":86,"column":4},"end":{"line":86,"column":41}},"80":{"start":{"line":87,"column":16},"end":{"line":87,"column":35}},"81":{"start":{"line":88,"column":2},"end":{"line":88,"column":72}},"82":{"start":{"line":89,"column":2},"end":{"line":99,"column":5}},"83":{"start":{"line":90,"column":3},"end":{"line":90,"column":29}},"84":{"start":{"line":90,"column":10},"end":{"line":90,"column":29}},"85":{"start":{"line":91,"column":3},"end":{"line":91,"column":57}},"86":{"start":{"line":91,"column":29},"end":{"line":91,"column":57}},"87":{"start":{"line":92,"column":3},"end":{"line":92,"column":38}},"88":{"start":{"line":93,"column":3},"end":{"line":98,"column":4}},"89":{"start":{"line":94,"column":4},"end":{"line":94,"column":42}},"90":{"start":{"line":95,"column":4},"end":{"line":95,"column":40}},"91":{"start":{"line":97,"column":4},"end":{"line":97,"column":34}},"92":{"start":{"line":103,"column":2},"end":{"line":103,"column":27}},"93":{"start":{"line":104,"column":2},"end":{"line":106,"column":37}},"94":{"start":{"line":105,"column":4},"end":{"line":105,"column":41}},"95":{"start":{"line":106,"column":16},"end":{"line":106,"column":35}},"96":{"start":{"line":107,"column":2},"end":{"line":107,"column":72}},"97":{"start":{"line":108,"column":2},"end":{"line":111,"column":5}},"98":{"start":{"line":109,"column":3},"end":{"line":109,"column":22}},"99":{"start":{"line":109,"column":10},"end":{"line":109,"column":22}},"100":{"start":{"line":110,"column":3},"end":{"line":110,"column":25}},"101":{"start":{"line":115,"column":0},"end":{"line":115,"column":27}}},"branchMap":{"1":{"line":14,"type":"if","locations":[{"start":{"line":14,"column":2},"end":{"line":14,"column":2}},{"start":{"line":14,"column":2},"end":{"line":14,"column":2}}]},"2":{"line":16,"type":"if","locations":[{"start":{"line":16,"column":3},"end":{"line":16,"column":3}},{"start":{"line":16,"column":3},"end":{"line":16,"column":3}}]},"3":{"line":18,"type":"if","locations":[{"start":{"line":18,"column":4},"end":{"line":18,"column":4}},{"start":{"line":18,"column":4},"end":{"line":18,"column":4}}]},"4":{"line":20,"type":"if","locations":[{"start":{"line":20,"column":5},"end":{"line":20,"column":5}},{"start":{"line":20,"column":5},"end":{"line":20,"column":5}}]},"5":{"line":22,"type":"if","locations":[{"start":{"line":22,"column":6},"end":{"line":22,"column":6}},{"start":{"line":22,"column":6},"end":{"line":22,"column":6}}]},"6":{"line":38,"type":"if","locations":[{"start":{"line":38,"column":2},"end":{"line":38,"column":2}},{"start":{"line":38,"column":2},"end":{"line":38,"column":2}}]},"7":{"line":43,"type":"if","locations":[{"start":{"line":43,"column":2},"end":{"line":43,"column":2}},{"start":{"line":43,"column":2},"end":{"line":43,"column":2}}]},"8":{"line":44,"type":"if","locations":[{"start":{"line":44,"column":2},"end":{"line":44,"column":2}},{"start":{"line":44,"column":2},"end":{"line":44,"column":2}}]},"9":{"line":45,"type":"if","locations":[{"start":{"line":45,"column":2},"end":{"line":45,"column":2}},{"start":{"line":45,"column":2},"end":{"line":45,"column":2}}]},"10":{"line":46,"type":"if","locations":[{"start":{"line":46,"column":2},"end":{"line":46,"column":2}},{"start":{"line":46,"column":2},"end":{"line":46,"column":2}}]},"11":{"line":47,"type":"if","locations":[{"start":{"line":47,"column":2},"end":{"line":47,"column":2}},{"start":{"line":47,"column":2},"end":{"line":47,"column":2}}]},"12":{"line":48,"type":"if","locations":[{"start":{"line":48,"column":2},"end":{"line":48,"column":2}},{"start":{"line":48,"column":2},"end":{"line":48,"column":2}}]},"13":{"line":64,"type":"cond-expr","locations":[{"start":{"line":64,"column":42},"end":{"line":64,"column":53}},{"start":{"line":64,"column":56},"end":{"line":64,"column":71}}]},"14":{"line":65,"type":"if","locations":[{"start":{"line":65,"column":2},"end":{"line":65,"column":2}},{"start":{"line":65,"column":2},"end":{"line":65,"column":2}}]},"15":{"line":67,"type":"if","locations":[{"start":{"line":67,"column":4},"end":{"line":67,"column":4}},{"start":{"line":67,"column":4},"end":{"line":67,"column":4}}]},"16":{"line":74,"type":"if","locations":[{"start":{"line":74,"column":4},"end":{"line":74,"column":4}},{"start":{"line":74,"column":4},"end":{"line":74,"column":4}}]},"17":{"line":76,"type":"if","locations":[{"start":{"line":76,"column":5},"end":{"line":76,"column":5}},{"start":{"line":76,"column":5},"end":{"line":76,"column":5}}]},"18":{"line":88,"type":"cond-expr","locations":[{"start":{"line":88,"column":42},"end":{"line":88,"column":53}},{"start":{"line":88,"column":56},"end":{"line":88,"column":71}}]},"19":{"line":90,"type":"if","locations":[{"start":{"line":90,"column":3},"end":{"line":90,"column":3}},{"start":{"line":90,"column":3},"end":{"line":90,"column":3}}]},"20":{"line":91,"type":"if","locations":[{"start":{"line":91,"column":3},"end":{"line":91,"column":3}},{"start":{"line":91,"column":3},"end":{"line":91,"column":3}}]},"21":{"line":107,"type":"cond-expr","locations":[{"start":{"line":107,"column":42},"end":{"line":107,"column":53}},{"start":{"line":107,"column":56},"end":{"line":107,"column":71}}]},"22":{"line":109,"type":"if","locations":[{"start":{"line":109,"column":3},"end":{"line":109,"column":3}},{"start":{"line":109,"column":3},"end":{"line":109,"column":3}}]}}},"/home/aum/development/freelance/deepstream.io-storage-cockroachdb/defaults.js":{"path":"/home/aum/development/freelance/deepstream.io-storage-cockroachdb/defaults.js","s":{"1":1},"b":{},"f":{},"fnMap":{},"statementMap":{"1":{"start":{"line":1,"column":0},"end":{"line":8,"column":2}}},"branchMap":{}},"/home/aum/development/freelance/deepstream.io-storage-cockroachdb/src/transform-data.js":{"path":"/home/aum/development/freelance/deepstream.io-storage-cockroachdb/src/transform-data.js","s":{"1":1,"2":2,"3":2,"4":2,"5":2,"6":1,"7":1,"8":2,"9":1,"10":2,"11":2,"12":2,"13":2,"14":1,"15":1,"16":2},"b":{"1":[1,1],"2":[1,1]},"f":{},"fnMap":{},"statementMap":{"1":{"start":{"line":16,"column":0},"end":{"line":32,"column":2}},"2":{"start":{"line":17,"column":1},"end":{"line":17,"column":43}},"3":{"start":{"line":19,"column":1},"end":{"line":19,"column":21}},"4":{"start":{"line":20,"column":1},"end":{"line":20,"column":17}},"5":{"start":{"line":22,"column":1},"end":{"line":29,"column":2}},"6":{"start":{"line":23,"column":2},"end":{"line":26,"column":4}},"7":{"start":{"line":28,"column":2},"end":{"line":28,"column":20}},"8":{"start":{"line":31,"column":1},"end":{"line":31,"column":13}},"9":{"start":{"line":47,"column":0},"end":{"line":60,"column":2}},"10":{"start":{"line":48,"column":1},"end":{"line":48,"column":43}},"11":{"start":{"line":50,"column":1},"end":{"line":50,"column":23}},"12":{"start":{"line":51,"column":1},"end":{"line":51,"column":19}},"13":{"start":{"line":53,"column":1},"end":{"line":57,"column":2}},"14":{"start":{"line":54,"column":2},"end":{"line":54,"column":27}},"15":{"start":{"line":56,"column":2},"end":{"line":56,"column":18}},"16":{"start":{"line":59,"column":1},"end":{"line":59,"column":13}}},"branchMap":{"1":{"line":22,"type":"if","locations":[{"start":{"line":22,"column":1},"end":{"line":22,"column":1}},{"start":{"line":22,"column":1},"end":{"line":22,"column":1}}]},"2":{"line":53,"type":"if","locations":[{"start":{"line":53,"column":1},"end":{"line":53,"column":1}},{"start":{"line":53,"column":1},"end":{"line":53,"column":1}}]}}}}