TN:
SF:/home/aum/development/freelance/deepstream.io-storage-cockroachdb/src/connector.js
FN:36,(anonymous_1)
FN:59,(anonymous_2)
FN:83,(anonymous_3)
FN:102,(anonymous_4)
FNF:4
FNH:4
FNDA:2,(anonymous_1)
FNDA:1,(anonymous_2)
FNDA:3,(anonymous_3)
FNDA:1,(anonymous_4)
DA:3,1
DA:4,1
DA:5,1
DA:6,1
DA:8,1
DA:10,1
DA:11,1
DA:12,1
DA:13,1
DA:14,1
DA:15,1
DA:16,1
DA:17,1
DA:18,1
DA:19,1
DA:20,1
DA:21,1
DA:22,1
DA:23,1
DA:26,1
DA:27,1
DA:31,1
DA:32,1
DA:37,2
DA:38,2
DA:39,1
DA:40,1
DA:41,1
DA:42,1
DA:43,1
DA:44,1
DA:45,1
DA:46,1
DA:47,1
DA:48,1
DA:49,1
DA:50,1
DA:51,1
DA:52,1
DA:53,1
DA:54,1
DA:55,1
DA:56,1
DA:60,1
DA:61,1
DA:62,1
DA:63,0
DA:64,1
DA:65,1
DA:66,1
DA:67,1
DA:68,1
DA:71,0
DA:72,0
DA:73,0
DA:74,0
DA:75,0
DA:76,0
DA:77,0
DA:84,3
DA:85,3
DA:86,3
DA:87,0
DA:88,3
DA:89,3
DA:90,3
DA:91,3
DA:92,1
DA:93,1
DA:94,1
DA:95,1
DA:97,0
DA:103,1
DA:104,1
DA:105,1
DA:106,0
DA:107,1
DA:108,1
DA:109,1
DA:110,1
DA:115,1
LF:81
LH:70
BRDA:14,1,0,0
BRDA:14,1,1,1
BRDA:16,2,0,0
BRDA:16,2,1,1
BRDA:18,3,0,0
BRDA:18,3,1,1
BRDA:20,4,0,0
BRDA:20,4,1,1
BRDA:22,5,0,0
BRDA:22,5,1,1
BRDA:38,6,0,1
BRDA:38,6,1,1
BRDA:43,7,0,0
BRDA:43,7,1,1
BRDA:44,8,0,0
BRDA:44,8,1,1
BRDA:45,9,0,0
BRDA:45,9,1,1
BRDA:46,10,0,0
BRDA:46,10,1,1
BRDA:47,11,0,0
BRDA:47,11,1,1
BRDA:48,12,0,0
BRDA:48,12,1,1
BRDA:64,13,0,0
BRDA:64,13,1,1
BRDA:65,14,0,1
BRDA:65,14,1,0
BRDA:67,15,0,0
BRDA:67,15,1,1
BRDA:74,16,0,0
BRDA:74,16,1,0
BRDA:76,17,0,0
BRDA:76,17,1,0
BRDA:88,18,0,0
BRDA:88,18,1,3
BRDA:90,19,0,0
BRDA:90,19,1,3
BRDA:91,20,0,2
BRDA:91,20,1,1
BRDA:107,21,0,0
BRDA:107,21,1,1
BRDA:109,22,0,0
BRDA:109,22,1,1
BRF:44
BRH:22
end_of_record
TN:
SF:/home/aum/development/freelance/deepstream.io-storage-cockroachdb/defaults.js
FNF:0
FNH:0
DA:1,1
LF:1
LH:1
BRF:0
BRH:0
end_of_record
TN:
SF:/home/aum/development/freelance/deepstream.io-storage-cockroachdb/src/transform-data.js
FNF:0
FNH:0
DA:16,1
DA:17,2
DA:19,2
DA:20,2
DA:22,2
DA:23,1
DA:28,1
DA:31,2
DA:47,1
DA:48,2
DA:50,2
DA:51,2
DA:53,2
DA:54,1
DA:56,1
DA:59,2
LF:16
LH:16
BRDA:22,1,0,1
BRDA:22,1,1,1
BRDA:53,2,0,1
BRDA:53,2,1,1
BRF:4
BRH:4
end_of_record
